<?xml version="1.0" encoding="UTF-8"?>
<!-- Generated by org.testng.reporters.JUnitReportReporter -->
<testsuite hostname="DESKTOP-DPRKKQA" failures="0" tests="1" name="restassuredRequest.apiMethod" time="6.380" errors="0" timestamp="2024-01-05T00:41:43 IST" skipped="0">
  <testcase classname="restassuredRequest.apiMethod" name="createNewResource" time="6.380"/>
</testsuite> <!-- restassuredRequest.apiMethod -->
