<?xml version="1.0" encoding="UTF-8"?>
<!-- Generated by org.testng.reporters.JUnitReportReporter -->
<testsuite hostname="DESKTOP-DPRKKQA" failures="0" tests="1" name="restassuredRequest.apiGetMethod" time="3.639" errors="0" timestamp="2024-01-07T08:48:50 IST" skipped="0">
  <testcase classname="restassuredRequest.apiGetMethod" name="apiMethod" time="3.639"/>
</testsuite> <!-- restassuredRequest.apiGetMethod -->
