<?xml version="1.0" encoding="UTF-8"?>
<!-- Generated by org.testng.reporters.JUnitReportReporter -->
<testsuite hostname="DESKTOP-DPRKKQA" failures="0" tests="2" name="restassuredRequest.apiPostMethod" time="7.467" errors="0" timestamp="2024-01-12T15:13:13 IST" skipped="0">
  <testcase classname="restassuredRequest.apiPostMethod" name="createNewResource" time="6.984"/>
  <testcase classname="restassuredRequest.apiPostMethod" name="getResource" time="0.483"/>
</testsuite> <!-- restassuredRequest.apiPostMethod -->
