<?xml version="1.0" encoding="UTF-8"?>
<!-- Generated by org.testng.reporters.JUnitReportReporter -->
<testsuite hostname="DESKTOP-DPRKKQA" failures="0" tests="1" name="apiNotRun.ForPractice" time="3.450" errors="0" timestamp="2024-01-17T12:06:38 IST" skipped="0">
  <testcase classname="apiNotRun.ForPractice" name="postRequest" time="3.450"/>
</testsuite> <!-- apiNotRun.ForPractice -->
