<?xml version="1.0" encoding="UTF-8"?>
<!-- Generated by org.testng.reporters.JUnitReportReporter -->
<testsuite hostname="DESKTOP-DPRKKQA" failures="0" tests="1" name="resrassuedPractice.apiPostMethod" time="4.763" errors="0" timestamp="2024-01-07T09:15:28 IST" skipped="0">
  <testcase classname="resrassuedPractice.apiPostMethod" name="restResqest" time="4.763"/>
</testsuite> <!-- resrassuedPractice.apiPostMethod -->
